Sun Nov 16 18:18:21 2025: === TAIPAN STARTED ===
Sun Nov 16 18:18:21 2025: Splash screen focused
Sun Nov 16 18:18:21 2025: Splash binding set, starting mainloop
Sun Nov 16 18:18:23 2025: Splash key pressed - calling clear_splash_screen
Sun Nov 16 18:18:23 2025: clear_splash_screen called
Sun Nov 16 18:18:23 2025: About to delete splash label
Sun Nov 16 18:18:23 2025: Splash label deleted
Sun Nov 16 18:18:23 2025: Instructions displayed
Sun Nov 16 18:18:23 2025: Waiting for game choice (N or L)
Sun Nov 16 18:18:27 2025: User entered game choice: L
Sun Nov 16 18:18:27 2025: User chose LOAD GAME
Sun Nov 16 18:18:29 2025: Loaded new format save: player, warehouses, port_debt restored
Sun Nov 16 18:18:30 2025: Returned from load_game, starting main_loop
Sun Nov 16 18:18:30 2025: === MAIN_LOOP START ===
Sun Nov 16 18:18:30 2025: main_loop: Drawing menus
Sun Nov 16 18:18:30 2025: main_loop: Menus drawn, updating status
Sun Nov 16 18:18:30 2025: main_loop: Drawing UI and setting focus
Sun Nov 16 18:18:30 2025: === MAIN_LOOP COMPLETE ===
Sun Nov 16 18:19:49 2025: Borrowed ¥50000 in Hong Kong. Port debt: ¥50000, Total debt: ¥50000
Sun Nov 16 18:20:02 2025: Monthly debt interest (10%): debt increased from 50000 to 55000 (+5000)
Sun Nov 16 18:20:14 2025: Payment overflow of ¥55000 needs distribution to other ports
Sun Nov 16 18:20:14 2025: Distributed ¥50000 to Hong Kong. Port debt now ¥0
Sun Nov 16 18:20:14 2025: All debt paid - zeroed out all port_debt values
Sun Nov 16 18:20:14 2025: Payment complete. Total debt now ¥0
